<?xml version="1.0" encoding="UTF-8"?>
<testsuite xmlns:xsi="http://www.w3.org/2001/XMLSchema-instance" xsi:noNamespaceSchemaLocation="https://maven.apache.org/surefire/maven-surefire-plugin/xsd/surefire-test-report.xsd" name="raul.reactive.streams.publisher.SimplePublisherTest" time="9.45" tests="38" errors="0" skipped="14" failures="10">
  <properties>
[...]
</properties>
  <testcase name="optional_spec104_mustSignalOnErrorWhenFails" classname="raul.reactive.streams.publisher.SimplePublisherTest" time="0">
    <skipped message="Skipping because no error state Publisher provided, and the test requires it. Please implement PublisherVerification#createFailedPublisher to run this test."/>
  </testcase>
  <testcase name="optional_spec105_emptyStreamMustTerminateBySignallingOnComplete" classname="raul.reactive.streams.publisher.SimplePublisherTest" time="0.114"/>
  <testcase name="optional_spec111_maySupportMultiSubscribe" classname="raul.reactive.streams.publisher.SimplePublisherTest" time="0.103"/>
  <testcase name="optional_spec111_multicast_mustProduceTheSameElementsInTheSameSequenceToAllOfItsSubscribersWhenRequestingManyUpfront" classname="raul.reactive.streams.publisher.SimplePublisherTest" time="0">
    <skipped message="Skipped because tested publisher does NOT implement this OPTIONAL requirement. Reason for skipping was: Did not receive expected element or completion within 100 ms"/>
  </testcase>
  <testcase name="optional_spec111_multicast_mustProduceTheSameElementsInTheSameSequenceToAllOfItsSubscribersWhenRequestingManyUpfrontAndCompleteAsExpected" classname="raul.reactive.streams.publisher.SimplePublisherTest" time="0">
    <skipped message="Skipped because tested publisher does NOT implement this OPTIONAL requirement. Reason for skipping was: Did not receive expected element or completion within 100 ms"/>
  </testcase>
  <testcase name="optional_spec111_multicast_mustProduceTheSameElementsInTheSameSequenceToAllOfItsSubscribersWhenRequestingOneByOne" classname="raul.reactive.streams.publisher.SimplePublisherTest" time="0">
    <skipped message="Skipped because tested publisher does NOT implement this OPTIONAL requirement. Reason for skipping was: Publisher org.reactivestreams.FlowAdapters$ReactivePublisherFromFlow@1aa7ecca did not produce the requested 2 elements on 2nd subscriber within 100 ms"/>
  </testcase>
  <testcase name="optional_spec111_registeredSubscribersMustReceiveOnNextOrOnCompleteSignals" classname="raul.reactive.streams.publisher.SimplePublisherTest" time="0">
    <skipped message="Skipped because tested publisher does NOT implement this OPTIONAL requirement. Reason for skipping was: Did not receive expected stream completion within 100 ms"/>
  </testcase>
  <testcase name="optional_spec309_requestNegativeNumberMaySignalIllegalArgumentExceptionWithSpecificMessage" classname="raul.reactive.streams.publisher.SimplePublisherTest" time="0">
    <skipped message="Skipped because tested publisher does NOT implement this OPTIONAL requirement."/>
  </testcase>
  <testcase name="required_createPublisher1MustProduceAStreamOfExactly1Element" classname="raul.reactive.streams.publisher.SimplePublisherTest" time="0.117">
    <failure message="Did not receive expected stream completion within 100 ms" type="java.lang.AssertionError">java.lang.AssertionError: Did not receive expected stream completion within 100 ms
</failure>
  </testcase>
  <testcase name="required_createPublisher3MustProduceAStreamOfExactly3Elements" classname="raul.reactive.streams.publisher.SimplePublisherTest" time="0.107">
    <failure message="Publisher org.reactivestreams.FlowAdapters$ReactivePublisherFromFlow@1a482e36 produced only 1 element expected:&lt;true&gt; but was:&lt;false&gt;" type="java.lang.AssertionError"><![CDATA[java.lang.AssertionError: Publisher org.reactivestreams.FlowAdapters$ReactivePublisherFromFlow@1a482e36 produced only 1 element expected:<true> but was:<false>
]]></failure>
  </testcase>
  <testcase name="required_spec101_subscriptionRequestMustResultInTheCorrectNumberOfProducedElements" classname="raul.reactive.streams.publisher.SimplePublisherTest" time="0.314">
    <failure message="Publisher org.reactivestreams.FlowAdapters$ReactivePublisherFromFlow@4f83df68 produced less than 3 elements after two respective `request` calls within 100 ms" type="java.lang.AssertionError">java.lang.AssertionError: Publisher org.reactivestreams.FlowAdapters$ReactivePublisherFromFlow@4f83df68 produced less than 3 elements after two respective `request` calls within 100 ms
Caused by: java.lang.AssertionError: Publisher org.reactivestreams.FlowAdapters$ReactivePublisherFromFlow@4f83df68 produced less than 3 elements after two respective `request` calls within 100 ms
</failure>
  </testcase>
  <testcase name="required_spec102_maySignalLessThanRequestedAndTerminateSubscription" classname="raul.reactive.streams.publisher.SimplePublisherTest" time="0.106">
    <failure message="Did not receive expected element or completion within 100 ms" type="java.lang.AssertionError">java.lang.AssertionError: Did not receive expected element or completion within 100 ms
Caused by: java.lang.AssertionError: Did not receive expected element or completion within 100 ms
</failure>
  </testcase>
  <testcase name="required_spec105_mustSignalOnCompleteWhenFiniteStreamTerminates" classname="raul.reactive.streams.publisher.SimplePublisherTest" time="0.106">
    <failure message="Did not receive expected element within 100 ms" type="java.lang.AssertionError">java.lang.AssertionError: Did not receive expected element within 100 ms
Caused by: java.lang.AssertionError: Did not receive expected element within 100 ms
</failure>
  </testcase>
  <testcase name="required_spec107_mustNotEmitFurtherSignalsOnceOnCompleteHasBeenSignalled" classname="raul.reactive.streams.publisher.SimplePublisherTest" time="0.208">
    <failure message="Did not receive expected stream completion within 100 ms" type="java.lang.AssertionError">java.lang.AssertionError: Did not receive expected stream completion within 100 ms
</failure>
  </testcase>
  <testcase name="required_spec109_mayRejectCallsToSubscribeIfPublisherIsUnableOrUnwillingToServeThemRejectionMustTriggerOnErrorAfterOnSubscribe" classname="raul.reactive.streams.publisher.SimplePublisherTest" time="0">
    <skipped message="Skipping because no error state Publisher provided, and the test requires it. Please implement PublisherVerification#createFailedPublisher to run this test."/>
  </testcase>
  <testcase name="required_spec109_mustIssueOnSubscribeForNonNullSubscriber" classname="raul.reactive.streams.publisher.SimplePublisherTest" time="0"/>
  <testcase name="required_spec109_subscribeThrowNPEOnNullSubscriber" classname="raul.reactive.streams.publisher.SimplePublisherTest" time="0.001"/>
  <testcase name="required_spec302_mustAllowSynchronousRequestCallsFromOnNextAndOnSubscribe" classname="raul.reactive.streams.publisher.SimplePublisherTest" time="0.104"/>
  <testcase name="required_spec303_mustNotAllowUnboundedRecursion" classname="raul.reactive.streams.publisher.SimplePublisherTest" time="0.104">
    <failure message="Unable to validate call stack depth safety, awaited at-most 2 signals (`maxOnNextSignalsInRecursionTest()`) or completion within 100 ms" type="java.lang.AssertionError">java.lang.AssertionError: Unable to validate call stack depth safety, awaited at-most 2 signals (`maxOnNextSignalsInRecursionTest()`) or completion within 100 ms
</failure>
  </testcase>
  <testcase name="required_spec306_afterSubscriptionIsCancelledRequestMustBeNops" classname="raul.reactive.streams.publisher.SimplePublisherTest" time="0.104"/>
  <testcase name="required_spec307_afterSubscriptionIsCancelledAdditionalCancelationsMustBeNops" classname="raul.reactive.streams.publisher.SimplePublisherTest" time="0.107"/>
  <testcase name="required_spec309_requestNegativeNumberMustSignalIllegalArgumentException" classname="raul.reactive.streams.publisher.SimplePublisherTest" time="0.104"/>
  <testcase name="required_spec309_requestZeroMustSignalIllegalArgumentException" classname="raul.reactive.streams.publisher.SimplePublisherTest" time="0.105"/>
  <testcase name="required_spec312_cancelMustMakeThePublisherToEventuallyStopSignaling" classname="raul.reactive.streams.publisher.SimplePublisherTest" time="0.107"/>
  <testcase name="required_spec313_cancelMustMakeThePublisherEventuallyDropAllReferencesToTheSubscriber" classname="raul.reactive.streams.publisher.SimplePublisherTest" time="0.328"/>
  <testcase name="required_spec317_mustNotSignalOnErrorWhenPendingAboveLongMaxValue" classname="raul.reactive.streams.publisher.SimplePublisherTest" time="0.103"/>
  <testcase name="required_spec317_mustSupportACumulativePendingElementCountUpToLongMaxValue" classname="raul.reactive.streams.publisher.SimplePublisherTest" time="0.103">
    <failure message="Did not receive expected element or completion within 100 ms" type="java.lang.AssertionError">java.lang.AssertionError: Did not receive expected element or completion within 100 ms
Caused by: java.lang.AssertionError: Did not receive expected element or completion within 100 ms
</failure>
  </testcase>
  <testcase name="required_spec317_mustSupportAPendingElementCountUpToLongMaxValue" classname="raul.reactive.streams.publisher.SimplePublisherTest" time="0.107">
    <failure message="Did not receive expected element or completion within 100 ms" type="java.lang.AssertionError">java.lang.AssertionError: Did not receive expected element or completion within 100 ms
Caused by: java.lang.AssertionError: Did not receive expected element or completion within 100 ms
</failure>
  </testcase>
  <testcase name="required_validate_boundedDepthOfOnNextAndRequestRecursion" classname="raul.reactive.streams.publisher.SimplePublisherTest" time="0"/>
  <testcase name="required_validate_maxElementsFromPublisher" classname="raul.reactive.streams.publisher.SimplePublisherTest" time="0"/>
  <testcase name="stochastic_spec103_mustSignalOnMethodsSequentially" classname="raul.reactive.streams.publisher.SimplePublisherTest" time="1.009">
    <failure message="Failed in iteration 0 of 100. Expected completion signal after signalling 10 elements (signalled 1), yet did not receive it within 1000 ms" type="java.lang.AssertionError">java.lang.AssertionError: Failed in iteration 0 of 100. Expected completion signal after signalling 10 elements (signalled 1), yet did not receive it within 1000 ms
</failure>
  </testcase>
  <testcase name="untested_spec106_mustConsiderSubscriptionCancelledAfterOnErrorOrOnCompleteHasBeenCalled" classname="raul.reactive.streams.publisher.SimplePublisherTest" time="0">
    <skipped message="Not verified by this TCK."/>
  </testcase>
  <testcase name="untested_spec107_mustNotEmitFurtherSignalsOnceOnErrorHasBeenSignalled" classname="raul.reactive.streams.publisher.SimplePublisherTest" time="0">
    <skipped message="Not verified by this TCK."/>
  </testcase>
  <testcase name="untested_spec108_possiblyCanceledSubscriptionShouldNotReceiveOnErrorOrOnCompleteSignals" classname="raul.reactive.streams.publisher.SimplePublisherTest" time="0">
    <skipped message="Not verified by this TCK."/>
  </testcase>
  <testcase name="untested_spec109_subscribeShouldNotThrowNonFatalThrowable" classname="raul.reactive.streams.publisher.SimplePublisherTest" time="0">
    <skipped message="Not verified by this TCK."/>
  </testcase>
  <testcase name="untested_spec110_rejectASubscriptionRequestIfTheSameSubscriberSubscribesTwice" classname="raul.reactive.streams.publisher.SimplePublisherTest" time="0">
    <skipped message="Not verified by this TCK."/>
  </testcase>
  <testcase name="untested_spec304_requestShouldNotPerformHeavyComputations" classname="raul.reactive.streams.publisher.SimplePublisherTest" time="0">
    <skipped message="Not verified by this TCK."/>
  </testcase>
  <testcase name="untested_spec305_cancelMustNotSynchronouslyPerformHeavyComputation" classname="raul.reactive.streams.publisher.SimplePublisherTest" time="0">
    <skipped message="Not verified by this TCK."/>
  </testcase>
</testsuite>